ORDER LOG
Order id|Member id|Product id|Product Name|Product quantity|Total Price|Order type|Order status|Timestamp
28b1fa14-e6f4-4d79-849c-373d1d434290|2873c94f-e25d-4a88-8e91-253c0e87b6b3|3|MacBook Pro|3|7500.0|BUY|COMPLETED|2026-03-14T12:10:07.679729300
2a184920-4958-4bc0-a9cb-156831217d0e|2873c94f-e25d-4a88-8e91-253c0e87b6b3|6|iPad Air|40|32000.0|SELL|COMPLETED|2026-03-14T12:11:22.991143800
e8ff5cbf-c1f8-4b52-9e2e-982343b6de18|11cff223-d30e-4a90-9bfb-547650482f2b|6|iPad Air|40|32000.0|BUY|COMPLETED|2026-03-14T14:15:14.184001200
5d25d236-288a-4c13-bba9-25a32762f4da|65685dde-9bc8-447d-9492-ae661bd4b539|10|4K Monitor|10|4500.0|SELL|CANCELLED|2026-03-14T14:16:47.036489800
685a892e-eee6-49d8-8a15-14c5a11f1cac|0ef05c57-5b48-4f7e-9b46-0e6996637192|10|4K Monitor|10|4500.0|SELL|CANCELLED|2026-03-14T14:26:14.402998700
1e3760e1-d121-496c-8207-ef14685df85f|de3124ce-88ba-49ae-b336-81ed6d6281ce|9|Mechanical Keyboard|20|3000.0|BUY|COMPLETED|2026-03-14T14:27:16.942192700
a00a6779-d2a7-4c57-bb49-258d22773d62|2b81de48-89ba-43f3-8809-75f3fab4a6e4|9|Mechanical Keyboard|20|3000.0|BUY|COMPLETED|2026-03-14T14:32:03.845150800
ee0e1749-9a77-4399-a6e6-53feb97353f4|2b81de48-89ba-43f3-8809-75f3fab4a6e4|6|iPad Air|10|8000.0|SELL|COMPLETED|2026-03-14T14:32:56.352457500
bfb5dd8e-e081-4524-b14a-17d90e3b7e0c|2b81de48-89ba-43f3-8809-75f3fab4a6e4|6|iPad Air|5|4000.0|BUY|COMPLETED|2026-03-14T14:36:06.061068400
1836f730-cabc-4027-87d0-7059096ae90a|270a7666-57e4-4dc1-87e1-615e4baa525e|8|Logitech Mouse|5|250.0|BUY|COMPLETED|2026-03-14T15:22:20.093025900
889da45c-a4f3-44ad-a626-c3963b54b823|270a7666-57e4-4dc1-87e1-615e4baa525e|10|4K Monitor|20|9000.0|SELL|COMPLETED|2026-03-14T15:22:47.827646700
2972b807-deca-49b7-ae45-782c72dd2f22|97300788-0397-4199-ab57-afd9d22a405c|6|iPad Air|20|16000.0|BUY|PROCESSING|2026-03-14T15:23:38.121889500
86b07db6-4eff-4e08-b6cb-157e4326b5f0|270a7666-57e4-4dc1-87e1-615e4baa525e|1|iPhone 15|10|12000.0|BUY|PROCESSING|2026-03-14T15:47:47.433841100
cc449eeb-7a8a-4593-9c12-c8ba1961194c|97300788-0397-4199-ab57-afd9d22a405c|3|MacBook Pro|20|50000.0|SELL|PROCESSING|2026-03-14T15:49:26.882442
a66cb865-d153-4e73-b85f-f02eeacdd79a|97300788-0397-4199-ab57-afd9d22a405c|4|Dell XPS 15|20|44000.0|BUY|PROCESSING|2026-03-14T15:50:29.592740100
f2f357a8-b35f-419e-853c-d38cfeac4607|97300788-0397-4199-ab57-afd9d22a405c|4|Dell XPS 15|20|44000.0|SELL|PROCESSING|2026-03-14T15:51:08.339444200
b3286848-3bcb-4eca-acef-3e6f99c701ed|aab4b20b-cbeb-4668-951f-719a3a028de5|2|Samsung Galaxy S24|200|220000.0|SELL|PROCESSING|2026-03-14T19:53:29.725387400
7a404413-7a58-4121-9d19-89c95f2c0a27|96f9ef8a-a762-4de7-bc29-d8315c0d40cc|6|iPad Air|40|32000.0|BUY|PROCESSING|2026-03-14T19:54:41.485309500
e52cb33f-6e7c-42d4-b42e-1b0cef81f2a8|96f9ef8a-a762-4de7-bc29-d8315c0d40cc|10|4K Monitor|40|18000.0|BUY|PROCESSING|2026-03-14T19:55:20.533186600
3fc89c11-ca3f-4813-925e-78f5e4dda408|96f9ef8a-a762-4de7-bc29-d8315c0d40cc|7|PlayStation 5|40|24000.0|SELL|PROCESSING|2026-03-14T19:59:42.933676800
3dd47269-7b43-4ce7-a042-01da93cc03c7|96f9ef8a-a762-4de7-bc29-d8315c0d40cc|1|iPhone 15|40|48000.0|BUY|PROCESSING|2026-03-14T20:00:28.598001900
40f54f20-cbfd-4ddc-826e-cd64b0c5f775|0c2a6613-379e-4b36-a365-357604ee44c4|1|iPhone 15|40|48000.0|BUY|PROCESSING|2026-03-14T20:07:01.018986300
c3ff62b1-9919-4a2b-974c-d4ddd9d8321c|0c2a6613-379e-4b36-a365-357604ee44c4|10|4K Monitor|10|4500.0|SELL|PROCESSING|2026-03-14T20:07:32.901219500
87fcadc3-733e-43ab-a5b5-36bbaadff7af|d5c46270-8035-40fd-9d09-a2a7da22f097|8|Logitech Mouse|40|2000.0|BUY|CANCELLED|2026-03-14T20:08:32.610455400
9613a8dd-77de-49a5-97c8-114d48a8758f|4d1ec973-fd0b-43bd-b0f0-2f554e7da236|8|Logitech Mouse|40|2000.0|BUY|CANCELLED|2026-03-14T22:05:31.074267100
241eb36b-a317-4e1c-b6a3-f4ee7b0d9aa8|4d1ec973-fd0b-43bd-b0f0-2f554e7da236|10|4K Monitor|20|9000.0|SELL|PROCESSING|2026-03-14T22:06:21.285790600
b90118d2-8f1f-44f2-a68c-6253055ee18b|4d1ec973-fd0b-43bd-b0f0-2f554e7da236|10|4K Monitor|20|9000.0|SELL|PROCESSING|2026-03-14T22:07:37.268817400
e369a6e0-c56b-44b0-8049-290152aeb869|ecfec58d-e502-4c89-989d-6ebe25cb8aa7|6|iPad Air|15|12000.0|BUY|COMPLETED|2026-03-14T22:08:12.509994500
