2026-03-07T16:42:38.059+05:30  INFO 13728 --- [Order-management-system] [restartedMain] c.o.O.OrderManagementSystemApplication   : Starting OrderManagementSystemApplication using Java 21.0.10 with PID 13728 (C:\Users\SaiSmrithiMuthukumar\git_repo\Weekend_Assignments\Order-management-system\target\classes started by SaiSmrithiMuthukumar in C:\Users\SaiSmrithiMuthukumar\git_repo\Weekend_Assignments\Order-management-system)
2026-03-07T16:42:38.060+05:30  INFO 13728 --- [Order-management-system] [restartedMain] c.o.O.OrderManagementSystemApplication   : No active profile set, falling back to 1 default profile: "default"
2026-03-07T16:42:38.180+05:30  INFO 13728 --- [Order-management-system] [restartedMain] .e.DevToolsPropertyDefaultsPostProcessor : Devtools property defaults active! Set 'spring.devtools.add-properties' to 'false' to disable
2026-03-07T16:42:38.180+05:30  INFO 13728 --- [Order-management-system] [restartedMain] .e.DevToolsPropertyDefaultsPostProcessor : For additional web related logging consider setting the 'logging.level.web' property to 'DEBUG'
2026-03-07T16:42:40.336+05:30  INFO 13728 --- [Order-management-system] [restartedMain] o.s.b.w.embedded.tomcat.TomcatWebServer  : Tomcat initialized with port 8080 (http)
2026-03-07T16:42:40.352+05:30  INFO 13728 --- [Order-management-system] [restartedMain] o.apache.catalina.core.StandardService   : Starting service [Tomcat]
2026-03-07T16:42:40.352+05:30  INFO 13728 --- [Order-management-system] [restartedMain] o.apache.catalina.core.StandardEngine    : Starting Servlet engine: [Apache Tomcat/10.1.52]
2026-03-07T16:42:40.450+05:30  INFO 13728 --- [Order-management-system] [restartedMain] o.a.c.c.C.[Tomcat].[localhost].[/]       : Initializing Spring embedded WebApplicationContext
2026-03-07T16:42:40.463+05:30  INFO 13728 --- [Order-management-system] [restartedMain] w.s.c.ServletWebServerApplicationContext : Root WebApplicationContext: initialization completed in 2283 ms
2026-03-07T16:42:41.944+05:30  INFO 13728 --- [Order-management-system] [restartedMain] o.s.b.d.a.OptionalLiveReloadServer       : LiveReload server is running on port 35729
2026-03-07T16:42:42.005+05:30  INFO 13728 --- [Order-management-system] [restartedMain] o.s.b.w.embedded.tomcat.TomcatWebServer  : Tomcat started on port 8080 (http) with context path '/'
2026-03-07T16:42:42.022+05:30  INFO 13728 --- [Order-management-system] [restartedMain] c.o.O.OrderManagementSystemApplication   : Started OrderManagementSystemApplication in 4.623 seconds (process running for 5.326)
2026-03-07T16:42:49.412+05:30  INFO 13728 --- [Order-management-system] [http-nio-8080-exec-2] o.a.c.c.C.[Tomcat].[localhost].[/]       : Initializing Spring DispatcherServlet 'dispatcherServlet'
2026-03-07T16:42:49.412+05:30  INFO 13728 --- [Order-management-system] [http-nio-8080-exec-2] o.s.web.servlet.DispatcherServlet        : Initializing Servlet 'dispatcherServlet'
2026-03-07T16:42:49.412+05:30  INFO 13728 --- [Order-management-system] [http-nio-8080-exec-2] o.s.web.servlet.DispatcherServlet        : Completed initialization in 0 ms
2026-03-07T16:42:50.175+05:30  INFO 13728 --- [Order-management-system] [http-nio-8080-exec-2] c.o.O.aspect.LoggingAspect               : Controller Method addMember is executing
2026-03-07T16:42:50.175+05:30  INFO 13728 --- [Order-management-system] [http-nio-8080-exec-2] c.o.O.aspect.LoggingAspect               : Controller Method: addMember gets the arguments: [addMemberDTO(fullName=Naina, email=hgyt6@yahoo.com, password=hf8392kka)]
2026-03-07T16:42:50.177+05:30  INFO 13728 --- [Order-management-system] [http-nio-8080-exec-2] c.o.O.aspect.LoggingAspect               : Service method: addMember executing
2026-03-07T16:42:50.177+05:30  INFO 13728 --- [Order-management-system] [http-nio-8080-exec-2] c.o.O.aspect.LoggingAspect               : Service Method: addMember gets the arguments: [addMemberDTO(fullName=Naina, email=hgyt6@yahoo.com, password=hf8392kka)]
2026-03-07T16:42:50.181+05:30  INFO 13728 --- [Order-management-system] [http-nio-8080-exec-2] c.o.O.aspect.LoggingAspect               : Service method addMember returned null
2026-03-07T16:42:50.183+05:30  INFO 13728 --- [Order-management-system] [http-nio-8080-exec-2] c.o.O.aspect.LoggingAspect               : Service method addMember took 4ms
2026-03-07T16:42:50.186+05:30  INFO 13728 --- [Order-management-system] [http-nio-8080-exec-2] c.o.O.aspect.LoggingAspect               : Controller method addMember returned: null
2026-03-07T16:42:50.186+05:30  INFO 13728 --- [Order-management-system] [http-nio-8080-exec-2] c.o.O.aspect.LoggingAspect               : Controller method: addMember took 14ms
2026-03-07T16:43:23.736+05:30  INFO 13728 --- [Order-management-system] [http-nio-8080-exec-3] c.o.O.aspect.LoggingAspect               : Controller Method addMember is executing
2026-03-07T16:43:23.736+05:30  INFO 13728 --- [Order-management-system] [http-nio-8080-exec-3] c.o.O.aspect.LoggingAspect               : Controller Method: addMember gets the arguments: [addMemberDTO(fullName=Smrithi, email=sm46372@yahoo.com, password=sj8ak02l)]
2026-03-07T16:43:23.736+05:30  INFO 13728 --- [Order-management-system] [http-nio-8080-exec-3] c.o.O.aspect.LoggingAspect               : Service method: addMember executing
2026-03-07T16:43:23.736+05:30  INFO 13728 --- [Order-management-system] [http-nio-8080-exec-3] c.o.O.aspect.LoggingAspect               : Service Method: addMember gets the arguments: [addMemberDTO(fullName=Smrithi, email=sm46372@yahoo.com, password=sj8ak02l)]
2026-03-07T16:43:23.743+05:30  INFO 13728 --- [Order-management-system] [http-nio-8080-exec-3] c.o.O.aspect.LoggingAspect               : Service method addMember returned null
2026-03-07T16:43:23.743+05:30  INFO 13728 --- [Order-management-system] [http-nio-8080-exec-3] c.o.O.aspect.LoggingAspect               : Service method addMember took 7ms
2026-03-07T16:43:23.743+05:30  INFO 13728 --- [Order-management-system] [http-nio-8080-exec-3] c.o.O.aspect.LoggingAspect               : Controller method addMember returned: null
2026-03-07T16:43:23.744+05:30  INFO 13728 --- [Order-management-system] [http-nio-8080-exec-3] c.o.O.aspect.LoggingAspect               : Controller method: addMember took 7ms
2026-03-07T16:44:04.423+05:30  INFO 13728 --- [Order-management-system] [http-nio-8080-exec-4] c.o.O.aspect.LoggingAspect               : Controller Method getAllMembers is executing
2026-03-07T16:44:04.423+05:30  INFO 13728 --- [Order-management-system] [http-nio-8080-exec-4] c.o.O.aspect.LoggingAspect               : Controller Method: getAllMembers gets the arguments: []
2026-03-07T16:44:04.423+05:30  INFO 13728 --- [Order-management-system] [http-nio-8080-exec-4] c.o.O.aspect.LoggingAspect               : Service method: getAllMembers executing
2026-03-07T16:44:04.423+05:30  INFO 13728 --- [Order-management-system] [http-nio-8080-exec-4] c.o.O.aspect.LoggingAspect               : Service Method: getAllMembers gets the arguments: []
2026-03-07T16:44:04.429+05:30  INFO 13728 --- [Order-management-system] [http-nio-8080-exec-4] c.o.O.aspect.LoggingAspect               : Service method getAllMembers returned [getMemberDTO(memberId=5eead76c-ec60-4492-93a2-1d105c3ad2a0, fullName=Smrithi, email=sm46372@yahoo.com), getMemberDTO(memberId=aadfaf29-e8df-47b4-97c6-9f323924b760, fullName=Naina, email=hgyt6@yahoo.com)]
2026-03-07T16:44:04.429+05:30  INFO 13728 --- [Order-management-system] [http-nio-8080-exec-4] c.o.O.aspect.LoggingAspect               : Service method getAllMembers took 6ms
2026-03-07T16:44:04.429+05:30  INFO 13728 --- [Order-management-system] [http-nio-8080-exec-4] c.o.O.aspect.LoggingAspect               : Controller method getAllMembers returned: [getMemberDTO(memberId=5eead76c-ec60-4492-93a2-1d105c3ad2a0, fullName=Smrithi, email=sm46372@yahoo.com), getMemberDTO(memberId=aadfaf29-e8df-47b4-97c6-9f323924b760, fullName=Naina, email=hgyt6@yahoo.com)]
2026-03-07T16:44:04.429+05:30  INFO 13728 --- [Order-management-system] [http-nio-8080-exec-4] c.o.O.aspect.LoggingAspect               : Controller method: getAllMembers took 6ms
2026-03-07T16:44:26.692+05:30  INFO 13728 --- [Order-management-system] [http-nio-8080-exec-5] c.o.O.aspect.LoggingAspect               : Controller Method addOrder is executing
2026-03-07T16:44:26.692+05:30  INFO 13728 --- [Order-management-system] [http-nio-8080-exec-5] c.o.O.aspect.LoggingAspect               : Controller Method: addOrder gets the arguments: [OrderDTO(memberId=5eead76c-ec60-4492-93a2-1d105c3ad2a0, product_name=4K Monitor, product_quantity=45, order_type=SELL, status=COMPLETED)]
2026-03-07T16:44:26.692+05:30  INFO 13728 --- [Order-management-system] [http-nio-8080-exec-5] c.o.O.aspect.LoggingAspect               : Service method: addOrder executing
2026-03-07T16:44:26.692+05:30  INFO 13728 --- [Order-management-system] [http-nio-8080-exec-5] c.o.O.aspect.LoggingAspect               : Service Method: addOrder gets the arguments: [OrderDTO(memberId=5eead76c-ec60-4492-93a2-1d105c3ad2a0, product_name=4K Monitor, product_quantity=45, order_type=SELL, status=COMPLETED)]
2026-03-07T16:44:26.692+05:30  INFO 13728 --- [Order-management-system] [http-nio-8080-exec-5] c.o.O.aspect.LoggingAspect               : Service method: containsMember executing
2026-03-07T16:44:26.692+05:30  INFO 13728 --- [Order-management-system] [http-nio-8080-exec-5] c.o.O.aspect.LoggingAspect               : Service Method: containsMember gets the arguments: [5eead76c-ec60-4492-93a2-1d105c3ad2a0]
2026-03-07T16:44:26.700+05:30  INFO 13728 --- [Order-management-system] [http-nio-8080-exec-5] c.o.O.aspect.LoggingAspect               : Service method containsMember returned true
2026-03-07T16:44:26.702+05:30  INFO 13728 --- [Order-management-system] [http-nio-8080-exec-5] c.o.O.aspect.LoggingAspect               : Service method containsMember took 10ms
2026-03-07T16:44:26.702+05:30  INFO 13728 --- [Order-management-system] [http-nio-8080-exec-5] c.o.O.aspect.LoggingAspect               : Service method: containsProduct executing
2026-03-07T16:44:26.702+05:30  INFO 13728 --- [Order-management-system] [http-nio-8080-exec-5] c.o.O.aspect.LoggingAspect               : Service Method: containsProduct gets the arguments: [4K Monitor]
2026-03-07T16:44:26.702+05:30  INFO 13728 --- [Order-management-system] [http-nio-8080-exec-5] c.o.O.aspect.LoggingAspect               : Service method containsProduct returned true
2026-03-07T16:44:26.708+05:30  INFO 13728 --- [Order-management-system] [http-nio-8080-exec-5] c.o.O.aspect.LoggingAspect               : Service method containsProduct took 6ms
2026-03-07T16:44:26.708+05:30  INFO 13728 --- [Order-management-system] [http-nio-8080-exec-5] c.o.O.aspect.LoggingAspect               : Service method: returnId executing
2026-03-07T16:44:26.708+05:30  INFO 13728 --- [Order-management-system] [http-nio-8080-exec-5] c.o.O.aspect.LoggingAspect               : Service Method: returnId gets the arguments: [4K Monitor]
2026-03-07T16:44:26.708+05:30  INFO 13728 --- [Order-management-system] [http-nio-8080-exec-5] c.o.O.aspect.LoggingAspect               : Service method returnId returned 10
2026-03-07T16:44:26.712+05:30  INFO 13728 --- [Order-management-system] [http-nio-8080-exec-5] c.o.O.aspect.LoggingAspect               : Service method returnId took 0ms
2026-03-07T16:44:26.712+05:30  INFO 13728 --- [Order-management-system] [http-nio-8080-exec-5] c.o.O.aspect.LoggingAspect               : Service method: getProductTable executing
2026-03-07T16:44:26.712+05:30  INFO 13728 --- [Order-management-system] [http-nio-8080-exec-5] c.o.O.aspect.LoggingAspect               : Service Method: getProductTable gets the arguments: []
2026-03-07T16:44:26.718+05:30  INFO 13728 --- [Order-management-system] [http-nio-8080-exec-5] c.o.O.aspect.LoggingAspect               : Service method getProductTable returned {1=Product(product_id=1, product_name=iPhone 15, availableQuantity=50, product_price=1200.0), 2=Product(product_id=2, product_name=Samsung Galaxy S24, availableQuantity=40, product_price=1100.0), 3=Product(product_id=3, product_name=MacBook Pro, availableQuantity=25, product_price=2500.0), 4=Product(product_id=4, product_name=Dell XPS 15, availableQuantity=30, product_price=2200.0), 5=Product(product_id=5, product_name=Sony Headphones, availableQuantity=100, product_price=300.0), 6=Product(product_id=6, product_name=iPad Air, availableQuantity=60, product_price=800.0), 7=Product(product_id=7, product_name=PlayStation 5, availableQuantity=35, product_price=600.0), 8=Product(product_id=8, product_name=Logitech Mouse, availableQuantity=200, product_price=50.0), 9=Product(product_id=9, product_name=Mechanical Keyboard, availableQuantity=120, product_price=150.0), 10=Product(product_id=10, product_name=4K Monitor, availableQuantity=45, product_price=450.0)}
2026-03-07T16:44:26.718+05:30  INFO 13728 --- [Order-management-system] [http-nio-8080-exec-5] c.o.O.aspect.LoggingAspect               : Service method getProductTable took 6ms
2026-03-07T16:44:26.718+05:30  INFO 13728 --- [Order-management-system] [http-nio-8080-exec-5] c.o.O.aspect.LoggingAspect               : Service method: returnId executing
2026-03-07T16:44:26.722+05:30  INFO 13728 --- [Order-management-system] [http-nio-8080-exec-5] c.o.O.aspect.LoggingAspect               : Service Method: returnId gets the arguments: [4K Monitor]
2026-03-07T16:44:26.722+05:30  INFO 13728 --- [Order-management-system] [http-nio-8080-exec-5] c.o.O.aspect.LoggingAspect               : Service method returnId returned 10
2026-03-07T16:44:26.722+05:30  INFO 13728 --- [Order-management-system] [http-nio-8080-exec-5] c.o.O.aspect.LoggingAspect               : Service method returnId took 4ms
2026-03-07T16:44:26.724+05:30  INFO 13728 --- [Order-management-system] [http-nio-8080-exec-5] c.o.O.aspect.LoggingAspect               : Service method: getProductTable executing
2026-03-07T16:44:26.724+05:30  INFO 13728 --- [Order-management-system] [http-nio-8080-exec-5] c.o.O.aspect.LoggingAspect               : Service Method: getProductTable gets the arguments: []
2026-03-07T16:44:26.724+05:30  INFO 13728 --- [Order-management-system] [http-nio-8080-exec-5] c.o.O.aspect.LoggingAspect               : Service method getProductTable returned {1=Product(product_id=1, product_name=iPhone 15, availableQuantity=50, product_price=1200.0), 2=Product(product_id=2, product_name=Samsung Galaxy S24, availableQuantity=40, product_price=1100.0), 3=Product(product_id=3, product_name=MacBook Pro, availableQuantity=25, product_price=2500.0), 4=Product(product_id=4, product_name=Dell XPS 15, availableQuantity=30, product_price=2200.0), 5=Product(product_id=5, product_name=Sony Headphones, availableQuantity=100, product_price=300.0), 6=Product(product_id=6, product_name=iPad Air, availableQuantity=60, product_price=800.0), 7=Product(product_id=7, product_name=PlayStation 5, availableQuantity=35, product_price=600.0), 8=Product(product_id=8, product_name=Logitech Mouse, availableQuantity=200, product_price=50.0), 9=Product(product_id=9, product_name=Mechanical Keyboard, availableQuantity=120, product_price=150.0), 10=Product(product_id=10, product_name=4K Monitor, availableQuantity=45, product_price=450.0)}
2026-03-07T16:44:26.726+05:30  INFO 13728 --- [Order-management-system] [http-nio-8080-exec-5] c.o.O.aspect.LoggingAspect               : Service method getProductTable took 2ms
2026-03-07T16:44:26.726+05:30  INFO 13728 --- [Order-management-system] [http-nio-8080-exec-5] c.o.O.aspect.LoggingAspect               : Service method: returnId executing
2026-03-07T16:44:26.726+05:30  INFO 13728 --- [Order-management-system] [http-nio-8080-exec-5] c.o.O.aspect.LoggingAspect               : Service Method: returnId gets the arguments: [4K Monitor]
2026-03-07T16:44:26.728+05:30  INFO 13728 --- [Order-management-system] [http-nio-8080-exec-5] c.o.O.aspect.LoggingAspect               : Service method returnId returned 10
2026-03-07T16:44:26.728+05:30  INFO 13728 --- [Order-management-system] [http-nio-8080-exec-5] c.o.O.aspect.LoggingAspect               : Service method returnId took 2ms
2026-03-07T16:44:26.728+05:30  INFO 13728 --- [Order-management-system] [http-nio-8080-exec-5] c.o.O.aspect.LoggingAspect               : Service method: getProductTable executing
2026-03-07T16:44:26.728+05:30  INFO 13728 --- [Order-management-system] [http-nio-8080-exec-5] c.o.O.aspect.LoggingAspect               : Service Method: getProductTable gets the arguments: []
2026-03-07T16:44:26.732+05:30  INFO 13728 --- [Order-management-system] [http-nio-8080-exec-5] c.o.O.aspect.LoggingAspect               : Service method getProductTable returned {1=Product(product_id=1, product_name=iPhone 15, availableQuantity=50, product_price=1200.0), 2=Product(product_id=2, product_name=Samsung Galaxy S24, availableQuantity=40, product_price=1100.0), 3=Product(product_id=3, product_name=MacBook Pro, availableQuantity=25, product_price=2500.0), 4=Product(product_id=4, product_name=Dell XPS 15, availableQuantity=30, product_price=2200.0), 5=Product(product_id=5, product_name=Sony Headphones, availableQuantity=100, product_price=300.0), 6=Product(product_id=6, product_name=iPad Air, availableQuantity=60, product_price=800.0), 7=Product(product_id=7, product_name=PlayStation 5, availableQuantity=35, product_price=600.0), 8=Product(product_id=8, product_name=Logitech Mouse, availableQuantity=200, product_price=50.0), 9=Product(product_id=9, product_name=Mechanical Keyboard, availableQuantity=120, product_price=150.0), 10=Product(product_id=10, product_name=4K Monitor, availableQuantity=90, product_price=450.0)}
2026-03-07T16:44:26.732+05:30  INFO 13728 --- [Order-management-system] [http-nio-8080-exec-5] c.o.O.aspect.LoggingAspect               : Service method getProductTable took 4ms
2026-03-07T16:44:26.732+05:30  INFO 13728 --- [Order-management-system] [http-nio-8080-exec-5] c.o.O.aspect.LoggingAspect               : Service method: returnId executing
2026-03-07T16:44:26.732+05:30  INFO 13728 --- [Order-management-system] [http-nio-8080-exec-5] c.o.O.aspect.LoggingAspect               : Service Method: returnId gets the arguments: [4K Monitor]
2026-03-07T16:44:26.734+05:30  INFO 13728 --- [Order-management-system] [http-nio-8080-exec-5] c.o.O.aspect.LoggingAspect               : Service method returnId returned 10
2026-03-07T16:44:26.734+05:30  INFO 13728 --- [Order-management-system] [http-nio-8080-exec-5] c.o.O.aspect.LoggingAspect               : Service method returnId took 2ms
2026-03-07T16:44:26.766+05:30  INFO 13728 --- [Order-management-system] [http-nio-8080-exec-5] c.o.O.aspect.LoggingAspect               : Service method addOrder returned null
2026-03-07T16:44:26.766+05:30  INFO 13728 --- [Order-management-system] [http-nio-8080-exec-5] c.o.O.aspect.LoggingAspect               : Service method addOrder took 74ms
2026-03-07T16:44:26.782+05:30  INFO 13728 --- [Order-management-system] [http-nio-8080-exec-5] c.o.O.aspect.LoggingAspect               : Controller method addOrder returned: <200 OK OK,Order created successfully,[]>
2026-03-07T16:44:26.782+05:30  INFO 13728 --- [Order-management-system] [http-nio-8080-exec-5] c.o.O.aspect.LoggingAspect               : Controller method: addOrder took 90ms
2026-03-07T16:45:26.538+05:30  INFO 13728 --- [Order-management-system] [SpringApplicationShutdownHook] o.s.b.w.e.tomcat.GracefulShutdown        : Commencing graceful shutdown. Waiting for active requests to complete
2026-03-07T16:45:26.554+05:30  INFO 13728 --- [Order-management-system] [tomcat-shutdown] o.s.b.w.e.tomcat.GracefulShutdown        : Graceful shutdown complete
2026-03-07T16:46:18.379+05:30  INFO 19144 --- [Order-management-system] [restartedMain] c.o.O.OrderManagementSystemApplication   : Starting OrderManagementSystemApplication using Java 21.0.10 with PID 19144 (C:\Users\SaiSmrithiMuthukumar\git_repo\Weekend_Assignments\Order-management-system\target\classes started by SaiSmrithiMuthukumar in C:\Users\SaiSmrithiMuthukumar\git_repo\Weekend_Assignments\Order-management-system)
2026-03-07T16:46:18.379+05:30  INFO 19144 --- [Order-management-system] [restartedMain] c.o.O.OrderManagementSystemApplication   : No active profile set, falling back to 1 default profile: "default"
2026-03-07T16:46:18.539+05:30  INFO 19144 --- [Order-management-system] [restartedMain] .e.DevToolsPropertyDefaultsPostProcessor : Devtools property defaults active! Set 'spring.devtools.add-properties' to 'false' to disable
2026-03-07T16:46:18.539+05:30  INFO 19144 --- [Order-management-system] [restartedMain] .e.DevToolsPropertyDefaultsPostProcessor : For additional web related logging consider setting the 'logging.level.web' property to 'DEBUG'
2026-03-07T16:46:20.642+05:30  INFO 19144 --- [Order-management-system] [restartedMain] o.s.b.w.embedded.tomcat.TomcatWebServer  : Tomcat initialized with port 8080 (http)
2026-03-07T16:46:20.667+05:30  INFO 19144 --- [Order-management-system] [restartedMain] o.apache.catalina.core.StandardService   : Starting service [Tomcat]
2026-03-07T16:46:20.667+05:30  INFO 19144 --- [Order-management-system] [restartedMain] o.apache.catalina.core.StandardEngine    : Starting Servlet engine: [Apache Tomcat/10.1.52]
2026-03-07T16:46:20.742+05:30  INFO 19144 --- [Order-management-system] [restartedMain] o.a.c.c.C.[Tomcat].[localhost].[/]       : Initializing Spring embedded WebApplicationContext
2026-03-07T16:46:20.751+05:30  INFO 19144 --- [Order-management-system] [restartedMain] w.s.c.ServletWebServerApplicationContext : Root WebApplicationContext: initialization completed in 2212 ms
2026-03-07T16:46:22.054+05:30  INFO 19144 --- [Order-management-system] [restartedMain] o.s.b.d.a.OptionalLiveReloadServer       : LiveReload server is running on port 35729
2026-03-07T16:46:22.144+05:30  INFO 19144 --- [Order-management-system] [restartedMain] o.s.b.w.embedded.tomcat.TomcatWebServer  : Tomcat started on port 8080 (http) with context path '/'
2026-03-07T16:46:22.150+05:30  INFO 19144 --- [Order-management-system] [restartedMain] c.o.O.OrderManagementSystemApplication   : Started OrderManagementSystemApplication in 4.59 seconds (process running for 5.255)
2026-03-07T16:46:56.458+05:30  INFO 19144 --- [Order-management-system] [http-nio-8080-exec-1] o.a.c.c.C.[Tomcat].[localhost].[/]       : Initializing Spring DispatcherServlet 'dispatcherServlet'
2026-03-07T16:46:56.458+05:30  INFO 19144 --- [Order-management-system] [http-nio-8080-exec-1] o.s.web.servlet.DispatcherServlet        : Initializing Servlet 'dispatcherServlet'
2026-03-07T16:46:56.458+05:30  INFO 19144 --- [Order-management-system] [http-nio-8080-exec-1] o.s.web.servlet.DispatcherServlet        : Completed initialization in 0 ms
2026-03-07T16:46:57.352+05:30  INFO 19144 --- [Order-management-system] [http-nio-8080-exec-1] c.o.O.aspect.LoggingAspect               : Controller Method addMember is executing
2026-03-07T16:46:57.352+05:30  INFO 19144 --- [Order-management-system] [http-nio-8080-exec-1] c.o.O.aspect.LoggingAspect               : Controller Method: addMember gets the arguments: [addMemberDTO(fullName=Smrithi, email=sm46372@yahoo.com, password=sj8ak02l)]
2026-03-07T16:46:57.352+05:30  INFO 19144 --- [Order-management-system] [http-nio-8080-exec-1] c.o.O.aspect.LoggingAspect               : Service method: addMember executing
2026-03-07T16:46:57.352+05:30  INFO 19144 --- [Order-management-system] [http-nio-8080-exec-1] c.o.O.aspect.LoggingAspect               : Service Method: addMember gets the arguments: [addMemberDTO(fullName=Smrithi, email=sm46372@yahoo.com, password=sj8ak02l)]
2026-03-07T16:46:57.360+05:30  INFO 19144 --- [Order-management-system] [http-nio-8080-exec-1] c.o.O.aspect.LoggingAspect               : Service method addMember returned null
2026-03-07T16:46:57.360+05:30  INFO 19144 --- [Order-management-system] [http-nio-8080-exec-1] c.o.O.aspect.LoggingAspect               : Service method addMember took 8ms
2026-03-07T16:46:57.369+05:30  INFO 19144 --- [Order-management-system] [http-nio-8080-exec-1] c.o.O.aspect.LoggingAspect               : Controller method addMember returned: null
2026-03-07T16:46:57.369+05:30  INFO 19144 --- [Order-management-system] [http-nio-8080-exec-1] c.o.O.aspect.LoggingAspect               : Controller method: addMember took 20ms
2026-03-07T16:47:42.042+05:30  INFO 19144 --- [Order-management-system] [http-nio-8080-exec-4] c.o.O.aspect.LoggingAspect               : Controller Method addMember is executing
2026-03-07T16:47:42.042+05:30  INFO 19144 --- [Order-management-system] [http-nio-8080-exec-4] c.o.O.aspect.LoggingAspect               : Controller Method: addMember gets the arguments: [addMemberDTO(fullName=Naina, email=j4u382@yahoo.com, password=sj8ak8uh2l)]
2026-03-07T16:47:42.042+05:30  INFO 19144 --- [Order-management-system] [http-nio-8080-exec-4] c.o.O.aspect.LoggingAspect               : Service method: addMember executing
2026-03-07T16:47:42.042+05:30  INFO 19144 --- [Order-management-system] [http-nio-8080-exec-4] c.o.O.aspect.LoggingAspect               : Service Method: addMember gets the arguments: [addMemberDTO(fullName=Naina, email=j4u382@yahoo.com, password=sj8ak8uh2l)]
2026-03-07T16:47:42.042+05:30  INFO 19144 --- [Order-management-system] [http-nio-8080-exec-4] c.o.O.aspect.LoggingAspect               : Service method addMember returned null
2026-03-07T16:47:42.042+05:30  INFO 19144 --- [Order-management-system] [http-nio-8080-exec-4] c.o.O.aspect.LoggingAspect               : Service method addMember took 0ms
2026-03-07T16:47:42.042+05:30  INFO 19144 --- [Order-management-system] [http-nio-8080-exec-4] c.o.O.aspect.LoggingAspect               : Controller method addMember returned: null
2026-03-07T16:47:42.042+05:30  INFO 19144 --- [Order-management-system] [http-nio-8080-exec-4] c.o.O.aspect.LoggingAspect               : Controller method: addMember took 0ms
2026-03-07T16:47:45.797+05:30  INFO 19144 --- [Order-management-system] [http-nio-8080-exec-5] c.o.O.aspect.LoggingAspect               : Controller Method getAllMembers is executing
2026-03-07T16:47:45.805+05:30  INFO 19144 --- [Order-management-system] [http-nio-8080-exec-5] c.o.O.aspect.LoggingAspect               : Controller Method: getAllMembers gets the arguments: []
2026-03-07T16:47:45.805+05:30  INFO 19144 --- [Order-management-system] [http-nio-8080-exec-5] c.o.O.aspect.LoggingAspect               : Service method: getAllMembers executing
2026-03-07T16:47:45.805+05:30  INFO 19144 --- [Order-management-system] [http-nio-8080-exec-5] c.o.O.aspect.LoggingAspect               : Service Method: getAllMembers gets the arguments: []
2026-03-07T16:47:45.805+05:30  INFO 19144 --- [Order-management-system] [http-nio-8080-exec-5] c.o.O.aspect.LoggingAspect               : Service method getAllMembers returned [getMemberDTO(memberId=c364220d-f5d4-4f04-877c-1e403782215e, fullName=Naina, email=j4u382@yahoo.com), getMemberDTO(memberId=306d2817-dfdd-4187-a9e6-0ba0ff1d6a05, fullName=Smrithi, email=sm46372@yahoo.com)]
2026-03-07T16:47:45.805+05:30  INFO 19144 --- [Order-management-system] [http-nio-8080-exec-5] c.o.O.aspect.LoggingAspect               : Service method getAllMembers took 0ms
2026-03-07T16:47:45.805+05:30  INFO 19144 --- [Order-management-system] [http-nio-8080-exec-5] c.o.O.aspect.LoggingAspect               : Controller method getAllMembers returned: [getMemberDTO(memberId=c364220d-f5d4-4f04-877c-1e403782215e, fullName=Naina, email=j4u382@yahoo.com), getMemberDTO(memberId=306d2817-dfdd-4187-a9e6-0ba0ff1d6a05, fullName=Smrithi, email=sm46372@yahoo.com)]
2026-03-07T16:47:45.805+05:30  INFO 19144 --- [Order-management-system] [http-nio-8080-exec-5] c.o.O.aspect.LoggingAspect               : Controller method: getAllMembers took 8ms
2026-03-07T16:48:22.601+05:30  INFO 19144 --- [Order-management-system] [http-nio-8080-exec-6] c.o.O.aspect.LoggingAspect               : Controller Method getMemberById is executing
2026-03-07T16:48:22.601+05:30  INFO 19144 --- [Order-management-system] [http-nio-8080-exec-6] c.o.O.aspect.LoggingAspect               : Controller Method: getMemberById gets the arguments: [306d2817-dfdd-4187-a9e6-0ba0ff1d6a05]
2026-03-07T16:48:22.601+05:30  INFO 19144 --- [Order-management-system] [http-nio-8080-exec-6] c.o.O.aspect.LoggingAspect               : Service method: getMemberById executing
2026-03-07T16:48:22.601+05:30  INFO 19144 --- [Order-management-system] [http-nio-8080-exec-6] c.o.O.aspect.LoggingAspect               : Service Method: getMemberById gets the arguments: [306d2817-dfdd-4187-a9e6-0ba0ff1d6a05]
2026-03-07T16:48:22.603+05:30  INFO 19144 --- [Order-management-system] [http-nio-8080-exec-6] c.o.O.aspect.LoggingAspect               : Service method getMemberById returned getMemberDTO(memberId=306d2817-dfdd-4187-a9e6-0ba0ff1d6a05, fullName=Smrithi, email=sm46372@yahoo.com)
2026-03-07T16:48:22.603+05:30  INFO 19144 --- [Order-management-system] [http-nio-8080-exec-6] c.o.O.aspect.LoggingAspect               : Service method getMemberById took 2ms
2026-03-07T16:48:22.603+05:30  INFO 19144 --- [Order-management-system] [http-nio-8080-exec-6] c.o.O.aspect.LoggingAspect               : Controller method getMemberById returned: getMemberDTO(memberId=306d2817-dfdd-4187-a9e6-0ba0ff1d6a05, fullName=Smrithi, email=sm46372@yahoo.com)
2026-03-07T16:48:22.603+05:30  INFO 19144 --- [Order-management-system] [http-nio-8080-exec-6] c.o.O.aspect.LoggingAspect               : Controller method: getMemberById took 2ms
2026-03-07T16:48:34.528+05:30  INFO 19144 --- [Order-management-system] [http-nio-8080-exec-7] c.o.O.aspect.LoggingAspect               : Controller Method getAllMembers is executing
2026-03-07T16:48:34.528+05:30  INFO 19144 --- [Order-management-system] [http-nio-8080-exec-7] c.o.O.aspect.LoggingAspect               : Controller Method: getAllMembers gets the arguments: []
2026-03-07T16:48:34.528+05:30  INFO 19144 --- [Order-management-system] [http-nio-8080-exec-7] c.o.O.aspect.LoggingAspect               : Service method: getAllMembers executing
2026-03-07T16:48:34.528+05:30  INFO 19144 --- [Order-management-system] [http-nio-8080-exec-7] c.o.O.aspect.LoggingAspect               : Service Method: getAllMembers gets the arguments: []
2026-03-07T16:48:34.528+05:30  INFO 19144 --- [Order-management-system] [http-nio-8080-exec-7] c.o.O.aspect.LoggingAspect               : Service method getAllMembers returned [getMemberDTO(memberId=c364220d-f5d4-4f04-877c-1e403782215e, fullName=Naina, email=j4u382@yahoo.com), getMemberDTO(memberId=306d2817-dfdd-4187-a9e6-0ba0ff1d6a05, fullName=Smrithi, email=sm46372@yahoo.com)]
2026-03-07T16:48:34.528+05:30  INFO 19144 --- [Order-management-system] [http-nio-8080-exec-7] c.o.O.aspect.LoggingAspect               : Service method getAllMembers took 0ms
2026-03-07T16:48:34.532+05:30  INFO 19144 --- [Order-management-system] [http-nio-8080-exec-7] c.o.O.aspect.LoggingAspect               : Controller method getAllMembers returned: [getMemberDTO(memberId=c364220d-f5d4-4f04-877c-1e403782215e, fullName=Naina, email=j4u382@yahoo.com), getMemberDTO(memberId=306d2817-dfdd-4187-a9e6-0ba0ff1d6a05, fullName=Smrithi, email=sm46372@yahoo.com)]
2026-03-07T16:48:34.532+05:30  INFO 19144 --- [Order-management-system] [http-nio-8080-exec-7] c.o.O.aspect.LoggingAspect               : Controller method: getAllMembers took 4ms
2026-03-07T16:48:54.839+05:30  INFO 19144 --- [Order-management-system] [http-nio-8080-exec-8] c.o.O.aspect.LoggingAspect               : Controller Method addOrder is executing
2026-03-07T16:48:54.841+05:30  INFO 19144 --- [Order-management-system] [http-nio-8080-exec-8] c.o.O.aspect.LoggingAspect               : Controller Method: addOrder gets the arguments: [OrderDTO(memberId=306d2817-dfdd-4187-a9e6-0ba0ff1d6a05, product_name=4K Monitor, product_quantity=45, order_type=SELL, status=COMPLETED)]
2026-03-07T16:48:54.841+05:30  INFO 19144 --- [Order-management-system] [http-nio-8080-exec-8] c.o.O.aspect.LoggingAspect               : Service method: addOrder executing
2026-03-07T16:48:54.841+05:30  INFO 19144 --- [Order-management-system] [http-nio-8080-exec-8] c.o.O.aspect.LoggingAspect               : Service Method: addOrder gets the arguments: [OrderDTO(memberId=306d2817-dfdd-4187-a9e6-0ba0ff1d6a05, product_name=4K Monitor, product_quantity=45, order_type=SELL, status=COMPLETED)]
2026-03-07T16:48:54.841+05:30  INFO 19144 --- [Order-management-system] [http-nio-8080-exec-8] c.o.O.aspect.LoggingAspect               : Service method: containsMember executing
2026-03-07T16:48:54.841+05:30  INFO 19144 --- [Order-management-system] [http-nio-8080-exec-8] c.o.O.aspect.LoggingAspect               : Service Method: containsMember gets the arguments: [306d2817-dfdd-4187-a9e6-0ba0ff1d6a05]
2026-03-07T16:48:54.841+05:30  INFO 19144 --- [Order-management-system] [http-nio-8080-exec-8] c.o.O.aspect.LoggingAspect               : Service method containsMember returned true
2026-03-07T16:48:54.841+05:30  INFO 19144 --- [Order-management-system] [http-nio-8080-exec-8] c.o.O.aspect.LoggingAspect               : Service method containsMember took 0ms
2026-03-07T16:48:54.841+05:30  INFO 19144 --- [Order-management-system] [http-nio-8080-exec-8] c.o.O.aspect.LoggingAspect               : Service method: containsProduct executing
2026-03-07T16:48:54.841+05:30  INFO 19144 --- [Order-management-system] [http-nio-8080-exec-8] c.o.O.aspect.LoggingAspect               : Service Method: containsProduct gets the arguments: [4K Monitor]
2026-03-07T16:48:54.841+05:30  INFO 19144 --- [Order-management-system] [http-nio-8080-exec-8] c.o.O.aspect.LoggingAspect               : Service method containsProduct returned true
2026-03-07T16:48:54.841+05:30  INFO 19144 --- [Order-management-system] [http-nio-8080-exec-8] c.o.O.aspect.LoggingAspect               : Service method containsProduct took 0ms
2026-03-07T16:48:54.841+05:30  INFO 19144 --- [Order-management-system] [http-nio-8080-exec-8] c.o.O.aspect.LoggingAspect               : Service method: returnId executing
2026-03-07T16:48:54.847+05:30  INFO 19144 --- [Order-management-system] [http-nio-8080-exec-8] c.o.O.aspect.LoggingAspect               : Service Method: returnId gets the arguments: [4K Monitor]
2026-03-07T16:48:54.847+05:30  INFO 19144 --- [Order-management-system] [http-nio-8080-exec-8] c.o.O.aspect.LoggingAspect               : Service method returnId returned 10
2026-03-07T16:48:54.847+05:30  INFO 19144 --- [Order-management-system] [http-nio-8080-exec-8] c.o.O.aspect.LoggingAspect               : Service method returnId took 6ms
2026-03-07T16:48:54.847+05:30  INFO 19144 --- [Order-management-system] [http-nio-8080-exec-8] c.o.O.aspect.LoggingAspect               : Service method: getProductTable executing
2026-03-07T16:48:54.847+05:30  INFO 19144 --- [Order-management-system] [http-nio-8080-exec-8] c.o.O.aspect.LoggingAspect               : Service Method: getProductTable gets the arguments: []
2026-03-07T16:48:54.855+05:30  INFO 19144 --- [Order-management-system] [http-nio-8080-exec-8] c.o.O.aspect.LoggingAspect               : Service method getProductTable returned {1=Product(product_id=1, product_name=iPhone 15, availableQuantity=50, product_price=1200.0), 2=Product(product_id=2, product_name=Samsung Galaxy S24, availableQuantity=40, product_price=1100.0), 3=Product(product_id=3, product_name=MacBook Pro, availableQuantity=25, product_price=2500.0), 4=Product(product_id=4, product_name=Dell XPS 15, availableQuantity=30, product_price=2200.0), 5=Product(product_id=5, product_name=Sony Headphones, availableQuantity=100, product_price=300.0), 6=Product(product_id=6, product_name=iPad Air, availableQuantity=60, product_price=800.0), 7=Product(product_id=7, product_name=PlayStation 5, availableQuantity=35, product_price=600.0), 8=Product(product_id=8, product_name=Logitech Mouse, availableQuantity=200, product_price=50.0), 9=Product(product_id=9, product_name=Mechanical Keyboard, availableQuantity=120, product_price=150.0), 10=Product(product_id=10, product_name=4K Monitor, availableQuantity=45, product_price=450.0)}
2026-03-07T16:48:54.855+05:30  INFO 19144 --- [Order-management-system] [http-nio-8080-exec-8] c.o.O.aspect.LoggingAspect               : Service method getProductTable took 8ms
2026-03-07T16:48:54.855+05:30  INFO 19144 --- [Order-management-system] [http-nio-8080-exec-8] c.o.O.aspect.LoggingAspect               : Service method: returnId executing
2026-03-07T16:48:54.855+05:30  INFO 19144 --- [Order-management-system] [http-nio-8080-exec-8] c.o.O.aspect.LoggingAspect               : Service Method: returnId gets the arguments: [4K Monitor]
2026-03-07T16:48:54.855+05:30  INFO 19144 --- [Order-management-system] [http-nio-8080-exec-8] c.o.O.aspect.LoggingAspect               : Service method returnId returned 10
2026-03-07T16:48:54.855+05:30  INFO 19144 --- [Order-management-system] [http-nio-8080-exec-8] c.o.O.aspect.LoggingAspect               : Service method returnId took 0ms
2026-03-07T16:48:54.855+05:30  INFO 19144 --- [Order-management-system] [http-nio-8080-exec-8] c.o.O.aspect.LoggingAspect               : Service method: getProductTable executing
2026-03-07T16:48:54.855+05:30  INFO 19144 --- [Order-management-system] [http-nio-8080-exec-8] c.o.O.aspect.LoggingAspect               : Service Method: getProductTable gets the arguments: []
2026-03-07T16:48:54.855+05:30  INFO 19144 --- [Order-management-system] [http-nio-8080-exec-8] c.o.O.aspect.LoggingAspect               : Service method getProductTable returned {1=Product(product_id=1, product_name=iPhone 15, availableQuantity=50, product_price=1200.0), 2=Product(product_id=2, product_name=Samsung Galaxy S24, availableQuantity=40, product_price=1100.0), 3=Product(product_id=3, product_name=MacBook Pro, availableQuantity=25, product_price=2500.0), 4=Product(product_id=4, product_name=Dell XPS 15, availableQuantity=30, product_price=2200.0), 5=Product(product_id=5, product_name=Sony Headphones, availableQuantity=100, product_price=300.0), 6=Product(product_id=6, product_name=iPad Air, availableQuantity=60, product_price=800.0), 7=Product(product_id=7, product_name=PlayStation 5, availableQuantity=35, product_price=600.0), 8=Product(product_id=8, product_name=Logitech Mouse, availableQuantity=200, product_price=50.0), 9=Product(product_id=9, product_name=Mechanical Keyboard, availableQuantity=120, product_price=150.0), 10=Product(product_id=10, product_name=4K Monitor, availableQuantity=45, product_price=450.0)}
2026-03-07T16:48:54.855+05:30  INFO 19144 --- [Order-management-system] [http-nio-8080-exec-8] c.o.O.aspect.LoggingAspect               : Service method getProductTable took 0ms
2026-03-07T16:48:54.855+05:30  INFO 19144 --- [Order-management-system] [http-nio-8080-exec-8] c.o.O.aspect.LoggingAspect               : Service method: returnId executing
2026-03-07T16:48:54.855+05:30  INFO 19144 --- [Order-management-system] [http-nio-8080-exec-8] c.o.O.aspect.LoggingAspect               : Service Method: returnId gets the arguments: [4K Monitor]
2026-03-07T16:48:54.863+05:30  INFO 19144 --- [Order-management-system] [http-nio-8080-exec-8] c.o.O.aspect.LoggingAspect               : Service method returnId returned 10
2026-03-07T16:48:54.863+05:30  INFO 19144 --- [Order-management-system] [http-nio-8080-exec-8] c.o.O.aspect.LoggingAspect               : Service method returnId took 8ms
2026-03-07T16:48:54.863+05:30  INFO 19144 --- [Order-management-system] [http-nio-8080-exec-8] c.o.O.aspect.LoggingAspect               : Service method: getProductTable executing
2026-03-07T16:48:54.863+05:30  INFO 19144 --- [Order-management-system] [http-nio-8080-exec-8] c.o.O.aspect.LoggingAspect               : Service Method: getProductTable gets the arguments: []
2026-03-07T16:48:54.868+05:30  INFO 19144 --- [Order-management-system] [http-nio-8080-exec-8] c.o.O.aspect.LoggingAspect               : Service method getProductTable returned {1=Product(product_id=1, product_name=iPhone 15, availableQuantity=50, product_price=1200.0), 2=Product(product_id=2, product_name=Samsung Galaxy S24, availableQuantity=40, product_price=1100.0), 3=Product(product_id=3, product_name=MacBook Pro, availableQuantity=25, product_price=2500.0), 4=Product(product_id=4, product_name=Dell XPS 15, availableQuantity=30, product_price=2200.0), 5=Product(product_id=5, product_name=Sony Headphones, availableQuantity=100, product_price=300.0), 6=Product(product_id=6, product_name=iPad Air, availableQuantity=60, product_price=800.0), 7=Product(product_id=7, product_name=PlayStation 5, availableQuantity=35, product_price=600.0), 8=Product(product_id=8, product_name=Logitech Mouse, availableQuantity=200, product_price=50.0), 9=Product(product_id=9, product_name=Mechanical Keyboard, availableQuantity=120, product_price=150.0), 10=Product(product_id=10, product_name=4K Monitor, availableQuantity=90, product_price=450.0)}
2026-03-07T16:48:54.868+05:30  INFO 19144 --- [Order-management-system] [http-nio-8080-exec-8] c.o.O.aspect.LoggingAspect               : Service method getProductTable took 5ms
2026-03-07T16:48:54.868+05:30  INFO 19144 --- [Order-management-system] [http-nio-8080-exec-8] c.o.O.aspect.LoggingAspect               : Service method: returnId executing
2026-03-07T16:48:54.871+05:30  INFO 19144 --- [Order-management-system] [http-nio-8080-exec-8] c.o.O.aspect.LoggingAspect               : Service Method: returnId gets the arguments: [4K Monitor]
2026-03-07T16:48:54.872+05:30  INFO 19144 --- [Order-management-system] [http-nio-8080-exec-8] c.o.O.aspect.LoggingAspect               : Service method returnId returned 10
2026-03-07T16:48:54.872+05:30  INFO 19144 --- [Order-management-system] [http-nio-8080-exec-8] c.o.O.aspect.LoggingAspect               : Service method returnId took 4ms
2026-03-07T16:48:54.885+05:30  INFO 19144 --- [Order-management-system] [http-nio-8080-exec-8] c.o.O.aspect.LoggingAspect               : Service method addOrder returned null
2026-03-07T16:48:54.885+05:30  INFO 19144 --- [Order-management-system] [http-nio-8080-exec-8] c.o.O.aspect.LoggingAspect               : Service method addOrder took 44ms
2026-03-07T16:48:54.912+05:30  INFO 19144 --- [Order-management-system] [http-nio-8080-exec-8] c.o.O.aspect.LoggingAspect               : Controller method addOrder returned: <200 OK OK,Order created successfully,[]>
2026-03-07T16:48:54.912+05:30  INFO 19144 --- [Order-management-system] [http-nio-8080-exec-8] c.o.O.aspect.LoggingAspect               : Controller method: addOrder took 73ms
2026-03-07T16:49:38.401+05:30  INFO 19144 --- [Order-management-system] [http-nio-8080-exec-9] c.o.O.aspect.LoggingAspect               : Controller Method addOrder is executing
2026-03-07T16:49:38.401+05:30  INFO 19144 --- [Order-management-system] [http-nio-8080-exec-9] c.o.O.aspect.LoggingAspect               : Controller Method: addOrder gets the arguments: [OrderDTO(memberId=c364220d-f5d4-4f04-877c-1e403782215e, product_name=4K Monitor, product_quantity=30, order_type=BUY, status=PROCESSING)]
2026-03-07T16:49:38.401+05:30  INFO 19144 --- [Order-management-system] [http-nio-8080-exec-9] c.o.O.aspect.LoggingAspect               : Service method: addOrder executing
2026-03-07T16:49:38.401+05:30  INFO 19144 --- [Order-management-system] [http-nio-8080-exec-9] c.o.O.aspect.LoggingAspect               : Service Method: addOrder gets the arguments: [OrderDTO(memberId=c364220d-f5d4-4f04-877c-1e403782215e, product_name=4K Monitor, product_quantity=30, order_type=BUY, status=PROCESSING)]
2026-03-07T16:49:38.401+05:30  INFO 19144 --- [Order-management-system] [http-nio-8080-exec-9] c.o.O.aspect.LoggingAspect               : Service method: containsMember executing
2026-03-07T16:49:38.401+05:30  INFO 19144 --- [Order-management-system] [http-nio-8080-exec-9] c.o.O.aspect.LoggingAspect               : Service Method: containsMember gets the arguments: [c364220d-f5d4-4f04-877c-1e403782215e]
2026-03-07T16:49:38.401+05:30  INFO 19144 --- [Order-management-system] [http-nio-8080-exec-9] c.o.O.aspect.LoggingAspect               : Service method containsMember returned true
2026-03-07T16:49:38.401+05:30  INFO 19144 --- [Order-management-system] [http-nio-8080-exec-9] c.o.O.aspect.LoggingAspect               : Service method containsMember took 0ms
2026-03-07T16:49:38.401+05:30  INFO 19144 --- [Order-management-system] [http-nio-8080-exec-9] c.o.O.aspect.LoggingAspect               : Service method: containsProduct executing
2026-03-07T16:49:38.401+05:30  INFO 19144 --- [Order-management-system] [http-nio-8080-exec-9] c.o.O.aspect.LoggingAspect               : Service Method: containsProduct gets the arguments: [4K Monitor]
2026-03-07T16:49:38.401+05:30  INFO 19144 --- [Order-management-system] [http-nio-8080-exec-9] c.o.O.aspect.LoggingAspect               : Service method containsProduct returned true
2026-03-07T16:49:38.401+05:30  INFO 19144 --- [Order-management-system] [http-nio-8080-exec-9] c.o.O.aspect.LoggingAspect               : Service method containsProduct took 0ms
2026-03-07T16:49:38.401+05:30  INFO 19144 --- [Order-management-system] [http-nio-8080-exec-9] c.o.O.aspect.LoggingAspect               : Service method: returnId executing
2026-03-07T16:49:38.401+05:30  INFO 19144 --- [Order-management-system] [http-nio-8080-exec-9] c.o.O.aspect.LoggingAspect               : Service Method: returnId gets the arguments: [4K Monitor]
2026-03-07T16:49:38.401+05:30  INFO 19144 --- [Order-management-system] [http-nio-8080-exec-9] c.o.O.aspect.LoggingAspect               : Service method returnId returned 10
2026-03-07T16:49:38.401+05:30  INFO 19144 --- [Order-management-system] [http-nio-8080-exec-9] c.o.O.aspect.LoggingAspect               : Service method returnId took 0ms
2026-03-07T16:49:38.401+05:30  INFO 19144 --- [Order-management-system] [http-nio-8080-exec-9] c.o.O.aspect.LoggingAspect               : Service method: getProductTable executing
2026-03-07T16:49:38.401+05:30  INFO 19144 --- [Order-management-system] [http-nio-8080-exec-9] c.o.O.aspect.LoggingAspect               : Service Method: getProductTable gets the arguments: []
2026-03-07T16:49:38.401+05:30  INFO 19144 --- [Order-management-system] [http-nio-8080-exec-9] c.o.O.aspect.LoggingAspect               : Service method getProductTable returned {1=Product(product_id=1, product_name=iPhone 15, availableQuantity=50, product_price=1200.0), 2=Product(product_id=2, product_name=Samsung Galaxy S24, availableQuantity=40, product_price=1100.0), 3=Product(product_id=3, product_name=MacBook Pro, availableQuantity=25, product_price=2500.0), 4=Product(product_id=4, product_name=Dell XPS 15, availableQuantity=30, product_price=2200.0), 5=Product(product_id=5, product_name=Sony Headphones, availableQuantity=100, product_price=300.0), 6=Product(product_id=6, product_name=iPad Air, availableQuantity=60, product_price=800.0), 7=Product(product_id=7, product_name=PlayStation 5, availableQuantity=35, product_price=600.0), 8=Product(product_id=8, product_name=Logitech Mouse, availableQuantity=200, product_price=50.0), 9=Product(product_id=9, product_name=Mechanical Keyboard, availableQuantity=120, product_price=150.0), 10=Product(product_id=10, product_name=4K Monitor, availableQuantity=90, product_price=450.0)}
2026-03-07T16:49:38.401+05:30  INFO 19144 --- [Order-management-system] [http-nio-8080-exec-9] c.o.O.aspect.LoggingAspect               : Service method getProductTable took 0ms
2026-03-07T16:49:38.401+05:30  INFO 19144 --- [Order-management-system] [http-nio-8080-exec-9] c.o.O.aspect.LoggingAspect               : Service method: returnId executing
2026-03-07T16:49:38.401+05:30  INFO 19144 --- [Order-management-system] [http-nio-8080-exec-9] c.o.O.aspect.LoggingAspect               : Service Method: returnId gets the arguments: [4K Monitor]
2026-03-07T16:49:38.401+05:30  INFO 19144 --- [Order-management-system] [http-nio-8080-exec-9] c.o.O.aspect.LoggingAspect               : Service method returnId returned 10
2026-03-07T16:49:38.401+05:30  INFO 19144 --- [Order-management-system] [http-nio-8080-exec-9] c.o.O.aspect.LoggingAspect               : Service method returnId took 0ms
2026-03-07T16:49:38.407+05:30  INFO 19144 --- [Order-management-system] [http-nio-8080-exec-9] c.o.O.aspect.LoggingAspect               : Service method: getProductTable executing
2026-03-07T16:49:38.407+05:30  INFO 19144 --- [Order-management-system] [http-nio-8080-exec-9] c.o.O.aspect.LoggingAspect               : Service Method: getProductTable gets the arguments: []
2026-03-07T16:49:38.407+05:30  INFO 19144 --- [Order-management-system] [http-nio-8080-exec-9] c.o.O.aspect.LoggingAspect               : Service method getProductTable returned {1=Product(product_id=1, product_name=iPhone 15, availableQuantity=50, product_price=1200.0), 2=Product(product_id=2, product_name=Samsung Galaxy S24, availableQuantity=40, product_price=1100.0), 3=Product(product_id=3, product_name=MacBook Pro, availableQuantity=25, product_price=2500.0), 4=Product(product_id=4, product_name=Dell XPS 15, availableQuantity=30, product_price=2200.0), 5=Product(product_id=5, product_name=Sony Headphones, availableQuantity=100, product_price=300.0), 6=Product(product_id=6, product_name=iPad Air, availableQuantity=60, product_price=800.0), 7=Product(product_id=7, product_name=PlayStation 5, availableQuantity=35, product_price=600.0), 8=Product(product_id=8, product_name=Logitech Mouse, availableQuantity=200, product_price=50.0), 9=Product(product_id=9, product_name=Mechanical Keyboard, availableQuantity=120, product_price=150.0), 10=Product(product_id=10, product_name=4K Monitor, availableQuantity=90, product_price=450.0)}
2026-03-07T16:49:38.407+05:30  INFO 19144 --- [Order-management-system] [http-nio-8080-exec-9] c.o.O.aspect.LoggingAspect               : Service method getProductTable took 6ms
2026-03-07T16:49:38.407+05:30  INFO 19144 --- [Order-management-system] [http-nio-8080-exec-9] c.o.O.aspect.LoggingAspect               : Service method: returnId executing
2026-03-07T16:49:38.407+05:30  INFO 19144 --- [Order-management-system] [http-nio-8080-exec-9] c.o.O.aspect.LoggingAspect               : Service Method: returnId gets the arguments: [4K Monitor]
2026-03-07T16:49:38.407+05:30  INFO 19144 --- [Order-management-system] [http-nio-8080-exec-9] c.o.O.aspect.LoggingAspect               : Service method returnId returned 10
2026-03-07T16:49:38.407+05:30  INFO 19144 --- [Order-management-system] [http-nio-8080-exec-9] c.o.O.aspect.LoggingAspect               : Service method returnId took 0ms
2026-03-07T16:49:38.409+05:30  INFO 19144 --- [Order-management-system] [http-nio-8080-exec-9] c.o.O.aspect.LoggingAspect               : Service method: getProductTable executing
2026-03-07T16:49:38.409+05:30  INFO 19144 --- [Order-management-system] [http-nio-8080-exec-9] c.o.O.aspect.LoggingAspect               : Service Method: getProductTable gets the arguments: []
2026-03-07T16:49:38.409+05:30  INFO 19144 --- [Order-management-system] [http-nio-8080-exec-9] c.o.O.aspect.LoggingAspect               : Service method getProductTable returned {1=Product(product_id=1, product_name=iPhone 15, availableQuantity=50, product_price=1200.0), 2=Product(product_id=2, product_name=Samsung Galaxy S24, availableQuantity=40, product_price=1100.0), 3=Product(product_id=3, product_name=MacBook Pro, availableQuantity=25, product_price=2500.0), 4=Product(product_id=4, product_name=Dell XPS 15, availableQuantity=30, product_price=2200.0), 5=Product(product_id=5, product_name=Sony Headphones, availableQuantity=100, product_price=300.0), 6=Product(product_id=6, product_name=iPad Air, availableQuantity=60, product_price=800.0), 7=Product(product_id=7, product_name=PlayStation 5, availableQuantity=35, product_price=600.0), 8=Product(product_id=8, product_name=Logitech Mouse, availableQuantity=200, product_price=50.0), 9=Product(product_id=9, product_name=Mechanical Keyboard, availableQuantity=120, product_price=150.0), 10=Product(product_id=10, product_name=4K Monitor, availableQuantity=60, product_price=450.0)}
2026-03-07T16:49:38.409+05:30  INFO 19144 --- [Order-management-system] [http-nio-8080-exec-9] c.o.O.aspect.LoggingAspect               : Service method getProductTable took 0ms
2026-03-07T16:49:38.409+05:30  INFO 19144 --- [Order-management-system] [http-nio-8080-exec-9] c.o.O.aspect.LoggingAspect               : Service method: returnId executing
2026-03-07T16:49:38.409+05:30  INFO 19144 --- [Order-management-system] [http-nio-8080-exec-9] c.o.O.aspect.LoggingAspect               : Service Method: returnId gets the arguments: [4K Monitor]
2026-03-07T16:49:38.409+05:30  INFO 19144 --- [Order-management-system] [http-nio-8080-exec-9] c.o.O.aspect.LoggingAspect               : Service method returnId returned 10
2026-03-07T16:49:38.409+05:30  INFO 19144 --- [Order-management-system] [http-nio-8080-exec-9] c.o.O.aspect.LoggingAspect               : Service method returnId took 0ms
2026-03-07T16:49:38.412+05:30  INFO 19144 --- [Order-management-system] [http-nio-8080-exec-9] c.o.O.aspect.LoggingAspect               : Service method addOrder returned null
2026-03-07T16:49:38.412+05:30  INFO 19144 --- [Order-management-system] [http-nio-8080-exec-9] c.o.O.aspect.LoggingAspect               : Service method addOrder took 11ms
2026-03-07T16:49:38.412+05:30  INFO 19144 --- [Order-management-system] [http-nio-8080-exec-9] c.o.O.aspect.LoggingAspect               : Controller method addOrder returned: <200 OK OK,Order created successfully,[]>
2026-03-07T16:49:38.412+05:30  INFO 19144 --- [Order-management-system] [http-nio-8080-exec-9] c.o.O.aspect.LoggingAspect               : Controller method: addOrder took 11ms
2026-03-07T16:50:18.101+05:30  INFO 19144 --- [Order-management-system] [http-nio-8080-exec-10] c.o.O.aspect.LoggingAspect               : Controller Method getAllOrders is executing
2026-03-07T16:50:18.101+05:30  INFO 19144 --- [Order-management-system] [http-nio-8080-exec-10] c.o.O.aspect.LoggingAspect               : Controller Method: getAllOrders gets the arguments: []
2026-03-07T16:50:18.103+05:30  INFO 19144 --- [Order-management-system] [http-nio-8080-exec-10] c.o.O.aspect.LoggingAspect               : Service method: getAllOrders executing
2026-03-07T16:50:18.103+05:30  INFO 19144 --- [Order-management-system] [http-nio-8080-exec-10] c.o.O.aspect.LoggingAspect               : Service Method: getAllOrders gets the arguments: []
2026-03-07T16:50:18.114+05:30  INFO 19144 --- [Order-management-system] [http-nio-8080-exec-10] c.o.O.aspect.LoggingAspect               : Service method getAllOrders returned [Order(order_id=d05721ad-5e57-40ca-93bf-dccd6b84b04f, memberId=c364220d-f5d4-4f04-877c-1e403782215e, product_id=10, product_name=4K Monitor, product_quantity=30, total_price=13500.0, order_type=BUY, status=PROCESSING, timestamp=2026-03-07T16:49:38.409433900), Order(order_id=2cc8b9f3-79c0-45ee-915b-b4a525e1ec15, memberId=306d2817-dfdd-4187-a9e6-0ba0ff1d6a05, product_id=10, product_name=4K Monitor, product_quantity=45, total_price=20250.0, order_type=SELL, status=COMPLETED, timestamp=2026-03-07T16:48:54.872045700)]
2026-03-07T16:50:18.114+05:30  INFO 19144 --- [Order-management-system] [http-nio-8080-exec-10] c.o.O.aspect.LoggingAspect               : Service method getAllOrders took 11ms
2026-03-07T16:50:18.114+05:30  INFO 19144 --- [Order-management-system] [http-nio-8080-exec-10] c.o.O.aspect.LoggingAspect               : Controller method getAllOrders returned: [Order(order_id=d05721ad-5e57-40ca-93bf-dccd6b84b04f, memberId=c364220d-f5d4-4f04-877c-1e403782215e, product_id=10, product_name=4K Monitor, product_quantity=30, total_price=13500.0, order_type=BUY, status=PROCESSING, timestamp=2026-03-07T16:49:38.409433900), Order(order_id=2cc8b9f3-79c0-45ee-915b-b4a525e1ec15, memberId=306d2817-dfdd-4187-a9e6-0ba0ff1d6a05, product_id=10, product_name=4K Monitor, product_quantity=45, total_price=20250.0, order_type=SELL, status=COMPLETED, timestamp=2026-03-07T16:48:54.872045700)]
2026-03-07T16:50:18.114+05:30  INFO 19144 --- [Order-management-system] [http-nio-8080-exec-10] c.o.O.aspect.LoggingAspect               : Controller method: getAllOrders took 13ms
2026-03-07T16:50:54.671+05:30  WARN 19144 --- [Order-management-system] [http-nio-8080-exec-2] .w.s.m.s.DefaultHandlerExceptionResolver : Resolved [org.springframework.web.HttpRequestMethodNotSupportedException: Request method 'GET' is not supported]
2026-03-07T16:51:10.441+05:30  INFO 19144 --- [Order-management-system] [http-nio-8080-exec-1] c.o.O.aspect.LoggingAspect               : Controller Method getAllOrders is executing
2026-03-07T16:51:10.441+05:30  INFO 19144 --- [Order-management-system] [http-nio-8080-exec-1] c.o.O.aspect.LoggingAspect               : Controller Method: getAllOrders gets the arguments: []
2026-03-07T16:51:10.441+05:30  INFO 19144 --- [Order-management-system] [http-nio-8080-exec-1] c.o.O.aspect.LoggingAspect               : Service method: getAllOrders executing
2026-03-07T16:51:10.450+05:30  INFO 19144 --- [Order-management-system] [http-nio-8080-exec-1] c.o.O.aspect.LoggingAspect               : Service Method: getAllOrders gets the arguments: []
2026-03-07T16:51:10.450+05:30  INFO 19144 --- [Order-management-system] [http-nio-8080-exec-1] c.o.O.aspect.LoggingAspect               : Service method getAllOrders returned [Order(order_id=d05721ad-5e57-40ca-93bf-dccd6b84b04f, memberId=c364220d-f5d4-4f04-877c-1e403782215e, product_id=10, product_name=4K Monitor, product_quantity=30, total_price=13500.0, order_type=BUY, status=PROCESSING, timestamp=2026-03-07T16:49:38.409433900), Order(order_id=2cc8b9f3-79c0-45ee-915b-b4a525e1ec15, memberId=306d2817-dfdd-4187-a9e6-0ba0ff1d6a05, product_id=10, product_name=4K Monitor, product_quantity=45, total_price=20250.0, order_type=SELL, status=COMPLETED, timestamp=2026-03-07T16:48:54.872045700)]
2026-03-07T16:51:10.450+05:30  INFO 19144 --- [Order-management-system] [http-nio-8080-exec-1] c.o.O.aspect.LoggingAspect               : Service method getAllOrders took 9ms
2026-03-07T16:51:10.450+05:30  INFO 19144 --- [Order-management-system] [http-nio-8080-exec-1] c.o.O.aspect.LoggingAspect               : Controller method getAllOrders returned: [Order(order_id=d05721ad-5e57-40ca-93bf-dccd6b84b04f, memberId=c364220d-f5d4-4f04-877c-1e403782215e, product_id=10, product_name=4K Monitor, product_quantity=30, total_price=13500.0, order_type=BUY, status=PROCESSING, timestamp=2026-03-07T16:49:38.409433900), Order(order_id=2cc8b9f3-79c0-45ee-915b-b4a525e1ec15, memberId=306d2817-dfdd-4187-a9e6-0ba0ff1d6a05, product_id=10, product_name=4K Monitor, product_quantity=45, total_price=20250.0, order_type=SELL, status=COMPLETED, timestamp=2026-03-07T16:48:54.872045700)]
2026-03-07T16:51:10.450+05:30  INFO 19144 --- [Order-management-system] [http-nio-8080-exec-1] c.o.O.aspect.LoggingAspect               : Controller method: getAllOrders took 9ms
2026-03-07T16:51:49.403+05:30  WARN 19144 --- [Order-management-system] [http-nio-8080-exec-3] .w.s.m.s.DefaultHandlerExceptionResolver : Resolved [org.springframework.web.HttpRequestMethodNotSupportedException: Request method 'GET' is not supported]
2026-03-07T16:53:13.071+05:30  INFO 19144 --- [Order-management-system] [http-nio-8080-exec-6] c.o.O.aspect.LoggingAspect               : Controller Method getTotalAmount is executing
2026-03-07T16:53:13.071+05:30  INFO 19144 --- [Order-management-system] [http-nio-8080-exec-6] c.o.O.aspect.LoggingAspect               : Controller Method: getTotalAmount gets the arguments: []
2026-03-07T16:53:13.071+05:30  INFO 19144 --- [Order-management-system] [http-nio-8080-exec-6] c.o.O.aspect.LoggingAspect               : Service method: getTotalAmount executing
2026-03-07T16:53:13.074+05:30  INFO 19144 --- [Order-management-system] [http-nio-8080-exec-6] c.o.O.aspect.LoggingAspect               : Service Method: getTotalAmount gets the arguments: []
2026-03-07T16:53:13.074+05:30  INFO 19144 --- [Order-management-system] [http-nio-8080-exec-6] c.o.O.aspect.LoggingAspect               : Service method: getOrder_table executing
2026-03-07T16:53:13.074+05:30  INFO 19144 --- [Order-management-system] [http-nio-8080-exec-6] c.o.O.aspect.LoggingAspect               : Service Method: getOrder_table gets the arguments: []
2026-03-07T16:53:13.074+05:30  INFO 19144 --- [Order-management-system] [http-nio-8080-exec-6] c.o.O.aspect.LoggingAspect               : Service method getOrder_table returned {d05721ad-5e57-40ca-93bf-dccd6b84b04f=Order(order_id=d05721ad-5e57-40ca-93bf-dccd6b84b04f, memberId=c364220d-f5d4-4f04-877c-1e403782215e, product_id=10, product_name=4K Monitor, product_quantity=30, total_price=13500.0, order_type=BUY, status=PROCESSING, timestamp=2026-03-07T16:49:38.409433900), 2cc8b9f3-79c0-45ee-915b-b4a525e1ec15=Order(order_id=2cc8b9f3-79c0-45ee-915b-b4a525e1ec15, memberId=306d2817-dfdd-4187-a9e6-0ba0ff1d6a05, product_id=10, product_name=4K Monitor, product_quantity=45, total_price=20250.0, order_type=SELL, status=COMPLETED, timestamp=2026-03-07T16:48:54.872045700)}
2026-03-07T16:53:13.074+05:30  INFO 19144 --- [Order-management-system] [http-nio-8080-exec-6] c.o.O.aspect.LoggingAspect               : Service method getOrder_table took 0ms
2026-03-07T16:53:13.098+05:30  INFO 19144 --- [Order-management-system] [http-nio-8080-exec-6] c.o.O.aspect.LoggingAspect               : Service method getTotalAmount returned <200 OK OK,Total amount ordered is: 33750.0,[]>
2026-03-07T16:53:13.098+05:30  INFO 19144 --- [Order-management-system] [http-nio-8080-exec-6] c.o.O.aspect.LoggingAspect               : Service method getTotalAmount took 27ms
2026-03-07T16:53:13.098+05:30  INFO 19144 --- [Order-management-system] [http-nio-8080-exec-6] c.o.O.aspect.LoggingAspect               : Controller method getTotalAmount returned: <200 OK OK,Total amount ordered is: 33750.0,[]>
2026-03-07T16:53:13.098+05:30  INFO 19144 --- [Order-management-system] [http-nio-8080-exec-6] c.o.O.aspect.LoggingAspect               : Controller method: getTotalAmount took 27ms
2026-03-07T16:53:32.541+05:30  INFO 19144 --- [Order-management-system] [http-nio-8080-exec-7] c.o.O.aspect.LoggingAspect               : Controller Method totalBuyVsSell is executing
2026-03-07T16:53:32.544+05:30  INFO 19144 --- [Order-management-system] [http-nio-8080-exec-7] c.o.O.aspect.LoggingAspect               : Controller Method: totalBuyVsSell gets the arguments: []
2026-03-07T16:53:32.544+05:30  INFO 19144 --- [Order-management-system] [http-nio-8080-exec-7] c.o.O.aspect.LoggingAspect               : Service method: totalBuyVsSell executing
2026-03-07T16:53:32.545+05:30  INFO 19144 --- [Order-management-system] [http-nio-8080-exec-7] c.o.O.aspect.LoggingAspect               : Service Method: totalBuyVsSell gets the arguments: []
2026-03-07T16:53:32.545+05:30  INFO 19144 --- [Order-management-system] [http-nio-8080-exec-7] c.o.O.aspect.LoggingAspect               : Service method: getOrder_table executing
2026-03-07T16:53:32.545+05:30  INFO 19144 --- [Order-management-system] [http-nio-8080-exec-7] c.o.O.aspect.LoggingAspect               : Service Method: getOrder_table gets the arguments: []
2026-03-07T16:53:32.545+05:30  INFO 19144 --- [Order-management-system] [http-nio-8080-exec-7] c.o.O.aspect.LoggingAspect               : Service method getOrder_table returned {d05721ad-5e57-40ca-93bf-dccd6b84b04f=Order(order_id=d05721ad-5e57-40ca-93bf-dccd6b84b04f, memberId=c364220d-f5d4-4f04-877c-1e403782215e, product_id=10, product_name=4K Monitor, product_quantity=30, total_price=13500.0, order_type=BUY, status=PROCESSING, timestamp=2026-03-07T16:49:38.409433900), 2cc8b9f3-79c0-45ee-915b-b4a525e1ec15=Order(order_id=2cc8b9f3-79c0-45ee-915b-b4a525e1ec15, memberId=306d2817-dfdd-4187-a9e6-0ba0ff1d6a05, product_id=10, product_name=4K Monitor, product_quantity=45, total_price=20250.0, order_type=SELL, status=COMPLETED, timestamp=2026-03-07T16:48:54.872045700)}
2026-03-07T16:53:32.545+05:30  INFO 19144 --- [Order-management-system] [http-nio-8080-exec-7] c.o.O.aspect.LoggingAspect               : Service method getOrder_table took 0ms
2026-03-07T16:53:32.549+05:30  INFO 19144 --- [Order-management-system] [http-nio-8080-exec-7] c.o.O.aspect.LoggingAspect               : Service method totalBuyVsSell returned <200 OK OK,{BUY=1, SELL=1},[]>
2026-03-07T16:53:32.549+05:30  INFO 19144 --- [Order-management-system] [http-nio-8080-exec-7] c.o.O.aspect.LoggingAspect               : Service method totalBuyVsSell took 5ms
2026-03-07T16:53:32.549+05:30  INFO 19144 --- [Order-management-system] [http-nio-8080-exec-7] c.o.O.aspect.LoggingAspect               : Controller method totalBuyVsSell returned: <200 OK OK,{BUY=1, SELL=1},[]>
2026-03-07T16:53:32.549+05:30  INFO 19144 --- [Order-management-system] [http-nio-8080-exec-7] c.o.O.aspect.LoggingAspect               : Controller method: totalBuyVsSell took 8ms
2026-03-07T16:54:02.472+05:30  INFO 19144 --- [Order-management-system] [http-nio-8080-exec-8] c.o.O.aspect.LoggingAspect               : Controller Method topCustomerByVolume is executing
2026-03-07T16:54:02.480+05:30  INFO 19144 --- [Order-management-system] [http-nio-8080-exec-8] c.o.O.aspect.LoggingAspect               : Controller Method: topCustomerByVolume gets the arguments: []
2026-03-07T16:54:02.480+05:30  INFO 19144 --- [Order-management-system] [http-nio-8080-exec-8] c.o.O.aspect.LoggingAspect               : Service method: topCustomerByVolume executing
2026-03-07T16:54:02.480+05:30  INFO 19144 --- [Order-management-system] [http-nio-8080-exec-8] c.o.O.aspect.LoggingAspect               : Service Method: topCustomerByVolume gets the arguments: []
2026-03-07T16:54:02.480+05:30  INFO 19144 --- [Order-management-system] [http-nio-8080-exec-8] c.o.O.aspect.LoggingAspect               : Service method: getOrder_table executing
2026-03-07T16:54:02.480+05:30  INFO 19144 --- [Order-management-system] [http-nio-8080-exec-8] c.o.O.aspect.LoggingAspect               : Service Method: getOrder_table gets the arguments: []
2026-03-07T16:54:02.480+05:30  INFO 19144 --- [Order-management-system] [http-nio-8080-exec-8] c.o.O.aspect.LoggingAspect               : Service method getOrder_table returned {d05721ad-5e57-40ca-93bf-dccd6b84b04f=Order(order_id=d05721ad-5e57-40ca-93bf-dccd6b84b04f, memberId=c364220d-f5d4-4f04-877c-1e403782215e, product_id=10, product_name=4K Monitor, product_quantity=30, total_price=13500.0, order_type=BUY, status=PROCESSING, timestamp=2026-03-07T16:49:38.409433900), 2cc8b9f3-79c0-45ee-915b-b4a525e1ec15=Order(order_id=2cc8b9f3-79c0-45ee-915b-b4a525e1ec15, memberId=306d2817-dfdd-4187-a9e6-0ba0ff1d6a05, product_id=10, product_name=4K Monitor, product_quantity=45, total_price=20250.0, order_type=SELL, status=COMPLETED, timestamp=2026-03-07T16:48:54.872045700)}
2026-03-07T16:54:02.480+05:30  INFO 19144 --- [Order-management-system] [http-nio-8080-exec-8] c.o.O.aspect.LoggingAspect               : Service method getOrder_table took 0ms
2026-03-07T16:54:02.483+05:30  INFO 19144 --- [Order-management-system] [http-nio-8080-exec-8] c.o.O.aspect.LoggingAspect               : Service method topCustomerByVolume returned <200 OK OK,Top customer's memberId is: c364220d-f5d4-4f04-877c-1e403782215eand the number of orders are: 1,[]>
2026-03-07T16:54:02.483+05:30  INFO 19144 --- [Order-management-system] [http-nio-8080-exec-8] c.o.O.aspect.LoggingAspect               : Service method topCustomerByVolume took 3ms
2026-03-07T16:54:02.483+05:30  INFO 19144 --- [Order-management-system] [http-nio-8080-exec-8] c.o.O.aspect.LoggingAspect               : Controller method topCustomerByVolume returned: <200 OK OK,Top customer's memberId is: c364220d-f5d4-4f04-877c-1e403782215eand the number of orders are: 1,[]>
2026-03-07T16:54:02.483+05:30  INFO 19144 --- [Order-management-system] [http-nio-8080-exec-8] c.o.O.aspect.LoggingAspect               : Controller method: topCustomerByVolume took 11ms
2026-03-07T16:54:21.784+05:30  WARN 19144 --- [Order-management-system] [http-nio-8080-exec-9] .m.m.a.ExceptionHandlerExceptionResolver : Resolved [org.springframework.web.bind.MethodArgumentNotValidException: Validation failed for argument [0] in public void com.order_management.Order_management_system.controller.MemberController.addMember(com.order_management.Order_management_system.dto.addMemberDTO) with 2 errors: [Field error in object 'addMemberDTO' on field 'fullName': rejected value []; codes [Pattern.addMemberDTO.fullName,Pattern.fullName,Pattern.java.lang.String,Pattern]; arguments [org.springframework.context.support.DefaultMessageSourceResolvable: codes [addMemberDTO.fullName,fullName]; arguments []; default message [fullName],[Ljakarta.validation.constraints.Pattern$Flag;@2d5c55ef,[a-zA-z ]+]; default message [Full name should only contain letters]] [Field error in object 'addMemberDTO' on field 'fullName': rejected value []; codes [NotBlank.addMemberDTO.fullName,NotBlank.fullName,NotBlank.java.lang.String,NotBlank]; arguments [org.springframework.context.support.DefaultMessageSourceResolvable: codes [addMemberDTO.fullName,fullName]; arguments []; default message [fullName]]; default message [Full name is required]] ]
2026-03-07T16:54:35.203+05:30  INFO 19144 --- [Order-management-system] [SpringApplicationShutdownHook] o.s.b.w.e.tomcat.GracefulShutdown        : Commencing graceful shutdown. Waiting for active requests to complete
2026-03-07T16:54:35.228+05:30  INFO 19144 --- [Order-management-system] [tomcat-shutdown] o.s.b.w.e.tomcat.GracefulShutdown        : Graceful shutdown complete
